[2020-01-15T10:25:31.628] [INFO] lottery - 上一次开奖时间为:1579055001
[2020-01-15T10:55:31.596] [INFO] lottery - taskNo:1579056931583
[2020-01-15T10:55:31.614] [INFO] lottery - lottery time:1579055001
[2020-01-15T10:55:31.614] [INFO] lottery - 执行开奖...
[2020-01-15T10:55:35.494] [INFO] lottery - 交易编号:0xc42694a076ae0c3534cf80e8ef5fe3b4e5da3ca3d1e1382fc61c7577b62928c6
[2020-01-15T10:55:35.518] [INFO] lottery - 交易执行成功!
[2020-01-15T10:55:35.543] [INFO] lottery - 上一次开奖时间为:1579056801
[2020-01-15T11:25:31.615] [INFO] lottery - taskNo:1579058731605
[2020-01-15T11:25:31.652] [INFO] lottery - lottery time:1579056801
[2020-01-15T11:25:31.652] [INFO] lottery - 执行开奖...
[2020-01-15T11:25:32.367] [INFO] lottery - 交易编号:0x1b6db845796360792174a70fd0caa52738367dad44c0c04267bebddb4dc432ba
[2020-01-15T11:25:32.391] [INFO] lottery - 交易执行成功!
[2020-01-15T11:25:32.444] [INFO] lottery - 上一次开奖时间为:1579058601
[2020-01-15T11:55:31.676] [INFO] lottery - taskNo:1579060531667
[2020-01-15T11:55:31.720] [INFO] lottery - lottery time:1579058601
[2020-01-15T11:55:31.722] [INFO] lottery - 执行开奖...
[2020-01-15T11:55:37.171] [INFO] lottery - 交易编号:0x10a0fd99db5291d487a42a9c1f09f4922ef27e8dd9b456a6c83fa62408cf5cb1
[2020-01-15T11:55:37.239] [INFO] lottery - 交易执行成功!
[2020-01-15T11:55:37.284] [INFO] lottery - 上一次开奖时间为:1579060401
[2020-01-15T13:36:09.980] [INFO] lottery - taskNo:1579066569980
[2020-01-15T13:36:09.981] [INFO] lottery - lottery time:1579060401
[2020-01-15T13:36:10.005] [INFO] lottery - 执行开奖...
[2020-01-15T13:36:11.250] [INFO] lottery - 交易编号:0x94490abaee504b73bc59b57ad25c9598d2e0abe17c683c30614c1adf36bf49f2
[2020-01-15T13:36:11.297] [INFO] lottery - 交易执行成功!
[2020-01-15T13:36:11.517] [INFO] lottery - 上一次开奖时间为:1579062201
[2020-01-15T14:06:10.074] [INFO] lottery - taskNo:1579068370049
[2020-01-15T14:06:10.090] [INFO] lottery - lottery time:1579062201
[2020-01-15T14:06:10.091] [INFO] lottery - 执行开奖...
[2020-01-15T14:06:16.203] [INFO] lottery - 交易编号:0x13b3bf9b04b3752ee7ba821bdfd795ac277c5dfb8db2883de5be8cc656a90585
[2020-01-15T14:06:16.225] [INFO] lottery - 交易执行成功!
[2020-01-15T14:06:16.262] [INFO] lottery - 上一次开奖时间为:1579064001
[2020-01-15T14:36:10.093] [INFO] lottery - taskNo:1579070170084
[2020-01-15T14:36:10.147] [INFO] lottery - lottery time:1579064001
[2020-01-15T14:36:10.148] [INFO] lottery - 执行开奖...
[2020-01-15T14:36:10.415] [INFO] lottery - 交易编号:0xdd5db08ced9258ee75fae4c3afdd6a96b8de6ed2d5b50c7892cf03f54479a687
[2020-01-15T14:36:10.448] [INFO] lottery - 交易执行成功!
[2020-01-15T14:36:10.482] [INFO] lottery - 上一次开奖时间为:1579065801
